<?xml version="1.0" encoding="UTF-8"?>
<!-- Generated by org.testng.reporters.JUnitReportReporter -->
<testsuite hostname="LAPTOP-8CCMCL84" failures="0" tests="1" name="appiumpractice.GeneralStoreAssignment" time="294.500" errors="0" timestamp="2022-08-19T00:07:11 IST" skipped="0">
  <testcase classname="appiumpractice.GeneralStoreAssignment" name="genralstore" time="294.500"/>
  <system-out/>
</testsuite> <!-- appiumpractice.GeneralStoreAssignment -->
