<?xml version="1.0" encoding="UTF-8"?>
<!-- Generated by org.testng.reporters.JUnitReportReporter -->
<testsuite hostname="LAPTOP-8CCMCL84" failures="0" tests="1" name="ProjectAssignment.AssignmentProgram" time="0.026" errors="0" timestamp="2022-09-07T11:21:30 IST" skipped="0">
  <testcase classname="ProjectAssignment.AssignmentProgram" name="SwapTheTwoNumber" time="0.026"/>
  <system-out/>
</testsuite> <!-- ProjectAssignment.AssignmentProgram -->
