<?xml version="1.0" encoding="UTF-8"?>
<!-- Generated by org.testng.reporters.JUnitReportReporter -->
<testsuite hostname="LAPTOP-8CCMCL84" failures="0" tests="1" name="appiumpractice.InstallApp" time="47.326" errors="0" timestamp="2022-09-07T13:19:05 IST" skipped="0">
  <testcase classname="appiumpractice.InstallApp" name="installapp" time="47.326"/>
  <system-out/>
</testsuite> <!-- appiumpractice.InstallApp -->
