<?xml version="1.0" encoding="UTF-8"?>
<!-- Generated by org.testng.reporters.JUnitReportReporter -->
<testsuite hostname="LAPTOP-8CCMCL84" failures="0" tests="1" name="appiumpractice.UninstallApp" time="23.405" errors="0" timestamp="2022-08-17T16:57:33 IST" skipped="0">
  <testcase classname="appiumpractice.UninstallApp" name="uninstallapp" time="23.405"/>
  <system-out/>
</testsuite> <!-- appiumpractice.UninstallApp -->
