<?xml version="1.0" encoding="UTF-8"?>
<!-- Generated by org.testng.reporters.JUnitReportReporter -->
<testsuite hostname="LAPTOP-8CCMCL84" failures="0" tests="1" name="appiumpractice.ZoomInZoomOut" time="147.720" errors="0" timestamp="2022-08-20T11:00:12 IST" skipped="0">
  <testcase classname="appiumpractice.ZoomInZoomOut" name="zoominzoomout" time="147.720"/>
  <system-out/>
</testsuite> <!-- appiumpractice.ZoomInZoomOut -->
