<?xml version="1.0" encoding="UTF-8"?>
<!-- Generated by org.testng.reporters.JUnitReportReporter -->
<testsuite hostname="LAPTOP-8CCMCL84" failures="0" tests="1" name="appiumpractice.BrowserStackPractices" time="61.142" errors="0" timestamp="2022-09-08T15:42:30 IST" skipped="0">
  <testcase classname="appiumpractice.BrowserStackPractices" name="browserStackPractices" time="61.142"/>
  <system-out/>
</testsuite> <!-- appiumpractice.BrowserStackPractices -->
