<?xml version="1.0" encoding="UTF-8"?>
<!-- Generated by org.testng.reporters.JUnitReportReporter -->
<testsuite hostname="LAPTOP-8CCMCL84" failures="0" tests="1" name="AppMethod.ScrollToElementInGeneralStore" time="25.191" errors="0" timestamp="2022-08-21T14:00:47 IST" skipped="0">
  <testcase classname="AppMethod.ScrollToElementInGeneralStore" name="genralstore" time="25.191"/>
  <system-out/>
</testsuite> <!-- AppMethod.ScrollToElementInGeneralStore -->
