<?xml version="1.0" encoding="UTF-8"?>
<!-- Generated by org.testng.reporters.JUnitReportReporter -->
<testsuite hostname="LAPTOP-8CCMCL84" failures="0" tests="1" name="appiumpractice.Network" time="26.679" errors="0" timestamp="2022-08-18T21:46:35 IST" skipped="0">
  <testcase classname="appiumpractice.Network" name="network" time="26.679"/>
  <system-out/>
</testsuite> <!-- appiumpractice.Network -->
