<?xml version="1.0" encoding="UTF-8"?>
<!-- Generated by org.testng.reporters.JUnitReportReporter -->
<testsuite hostname="LAPTOP-8CCMCL84" failures="0" tests="1" name="appiumpractice.SwitchAppFromOneToAnother" time="24.304" errors="0" timestamp="2022-08-18T21:31:26 IST" skipped="0">
  <testcase classname="appiumpractice.SwitchAppFromOneToAnother" name="switchapp" time="24.304"/>
  <system-out/>
</testsuite> <!-- appiumpractice.SwitchAppFromOneToAnother -->
