<?xml version="1.0" encoding="UTF-8"?>
<!-- Generated by org.testng.reporters.JUnitReportReporter -->
<testsuite hostname="LAPTOP-8CCMCL84" failures="0" tests="1" name="AppMethod.WebApp" time="21.560" errors="0" timestamp="2022-08-20T13:05:14 IST" skipped="0">
  <testcase classname="AppMethod.WebApp" name="webapp" time="21.560"/>
  <system-out/>
</testsuite> <!-- AppMethod.WebApp -->
