<?xml version="1.0" encoding="UTF-8"?>
<!-- Generated by org.testng.reporters.JUnitReportReporter -->
<testsuite hostname="LAPTOP-8CCMCL84" failures="0" tests="1" name="appiumpractice.LaunchAppGeneralStore" time="13.562" errors="0" timestamp="2022-08-18T09:18:25 IST" skipped="0">
  <testcase classname="appiumpractice.LaunchAppGeneralStore" name="launcnapp" time="13.562"/>
  <system-out/>
</testsuite> <!-- appiumpractice.LaunchAppGeneralStore -->
