<?xml version="1.0" encoding="UTF-8"?>
<!-- Generated by org.testng.reporters.JUnitReportReporter -->
<testsuite hostname="LAPTOP-8CCMCL84" failures="0" tests="2" name="AppMethod.AppiumClick" time="45.278" errors="0" timestamp="2022-10-06T12:08:22 IST" skipped="0">
  <testcase classname="AppMethod.AppiumClick" name="ApiDemos" time="20.370"/>
  <system-out/>
  <testcase classname="AppMethod.AppiumClick" name="ApiDemos" time="24.908"/>
  <system-out/>
</testsuite> <!-- AppMethod.AppiumClick -->
