<?xml version="1.0" encoding="UTF-8"?>
<!-- Generated by org.testng.reporters.JUnitReportReporter -->
<testsuite hostname="LAPTOP-8CCMCL84" failures="0" tests="1" name="appiumpractice.InstallAppGeneralStore" time="25.166" errors="0" timestamp="2022-08-18T09:17:50 IST" skipped="0">
  <testcase classname="appiumpractice.InstallAppGeneralStore" name="installappgeneralstore" time="25.166"/>
  <system-out/>
</testsuite> <!-- appiumpractice.InstallAppGeneralStore -->
