<?xml version="1.0" encoding="UTF-8"?>
<!-- Generated by org.testng.reporters.JUnitReportReporter -->
<testsuite hostname="LAPTOP-8CCMCL84" failures="0" tests="1" name="appiumpractice.UninstallAppGeneralStore" time="8.797" errors="0" timestamp="2022-08-18T09:27:38 IST" skipped="0">
  <testcase classname="appiumpractice.UninstallAppGeneralStore" name="uninstallapp" time="8.797"/>
  <system-out/>
</testsuite> <!-- appiumpractice.UninstallAppGeneralStore -->
