<?xml version="1.0" encoding="UTF-8"?>
<!-- Generated by org.testng.reporters.JUnitReportReporter -->
<testsuite hostname="LAPTOP-8CCMCL84" failures="0" tests="1" name="appiumpractice.DragAndDrop" time="201.458" errors="0" timestamp="2022-08-18T21:15:30 IST" skipped="0">
  <testcase classname="appiumpractice.DragAndDrop" name="draganddrop" time="201.458"/>
  <system-out/>
</testsuite> <!-- appiumpractice.DragAndDrop -->
