<?xml version="1.0" encoding="UTF-8"?>
<!-- Generated by org.testng.reporters.JUnitReportReporter -->
<testsuite hostname="LAPTOP-8CCMCL84" failures="0" tests="1" name="appiumpractice.Background" time="27.567" errors="0" timestamp="2022-08-18T21:16:16 IST" skipped="0">
  <testcase classname="appiumpractice.Background" name="apidemospracties" time="27.567"/>
  <system-out/>
</testsuite> <!-- appiumpractice.Background -->
