<?xml version="1.0" encoding="UTF-8"?>
<!-- Generated by org.testng.reporters.JUnitReportReporter -->
<testsuite hostname="LAPTOP-8CCMCL84" failures="0" tests="1" name="appiumpractice.FlipKart2" time="44.366" errors="0" timestamp="2022-09-17T14:08:28 IST" skipped="0">
  <testcase classname="appiumpractice.FlipKart2" name="flipcart" time="44.366"/>
  <system-out/>
</testsuite> <!-- appiumpractice.FlipKart2 -->
